<?xml version="1.0" encoding="UTF-8"?>
<!-- Generated by org.testng.reporters.JUnitReportReporter -->
<testsuite hostname="Darshan" failures="0" tests="1" name="TestCases.LoginTest" time="33.224" errors="0" timestamp="2021-10-28T15:59:59 IST" skipped="0">
  <testcase classname="TestCases.LoginTest" name="verifyLogin" time="33.224"/>
  <system-out/>
</testsuite> <!-- TestCases.LoginTest -->
