<?xml version="1.0" encoding="UTF-8"?>
<!-- Generated by org.testng.reporters.JUnitReportReporter -->
<testsuite hostname="Darshan" failures="0" tests="1" name="TestCases.Main_Test_Page" time="56.792" errors="0" timestamp="2021-10-28T12:12:18 IST" skipped="0">
  <testcase classname="TestCases.Main_Test_Page" name="christes_main_method" time="56.792"/>
  <system-out/>
</testsuite> <!-- TestCases.Main_Test_Page -->
